<?xml version="1.0" encoding="UTF-8" ?>
<testsuite failures="0" time="0.03" errors="2" skipped="0" tests="2" name="com.laus.autotest.RunCukesTest">
  <properties>
[...]
</properties>
  <testcase time="0.015" classname="Scenario: " name="Given i test cucumber">
    <error message="chrome not reachable
  (Driver info: chromedriver=2.0,platform=Windows NT 6.1 SP1 x86_64) (WARNING: The server did not provide any stacktrace information)
Command duration or timeout: 35.40 seconds
Build info: version: &apos;2.51.0&apos;, revision: &apos;1af067dbcaedd7d2ab9af5151fc471d363d97193&apos;, time: &apos;2016-02-05 11:20:57&apos;
System info: host: &apos;235700LT-DFSMS&apos;, ip: &apos;146.142.180.62&apos;, os.name: &apos;Windows 7&apos;, os.arch: &apos;amd64&apos;, os.version: &apos;6.1&apos;, java.version: &apos;1.7.0_75&apos;
Driver info: org.openqa.selenium.chrome.ChromeDriver" type="org.openqa.selenium.WebDriverException">org.openqa.selenium.WebDriverException: chrome not reachable
  (Driver info: chromedriver=2.0,platform=Windows NT 6.1 SP1 x86_64) (WARNING: The server did not provide any stacktrace information)
Command duration or timeout: 35.40 seconds
Build info: version: &apos;2.51.0&apos;, revision: &apos;1af067dbcaedd7d2ab9af5151fc471d363d97193&apos;, time: &apos;2016-02-05 11:20:57&apos;
System info: host: &apos;235700LT-DFSMS&apos;, ip: &apos;146.142.180.62&apos;, os.name: &apos;Windows 7&apos;, os.arch: &apos;amd64&apos;, os.version: &apos;6.1&apos;, java.version: &apos;1.7.0_75&apos;
Driver info: org.openqa.selenium.chrome.ChromeDriver
	at sun.reflect.NativeConstructorAccessorImpl.newInstance0(Native Method)
	at sun.reflect.NativeConstructorAccessorImpl.newInstance(NativeConstructorAccessorImpl.java:57)
	at sun.reflect.DelegatingConstructorAccessorImpl.newInstance(DelegatingConstructorAccessorImpl.java:45)
	at java.lang.reflect.Constructor.newInstance(Constructor.java:526)
	at org.openqa.selenium.remote.ErrorHandler.createThrowable(ErrorHandler.java:206)
	at org.openqa.selenium.remote.ErrorHandler.throwIfResponseFailed(ErrorHandler.java:158)
	at org.openqa.selenium.remote.RemoteWebDriver.execute(RemoteWebDriver.java:678)
	at org.openqa.selenium.remote.RemoteWebDriver.startSession(RemoteWebDriver.java:249)
	at org.openqa.selenium.remote.RemoteWebDriver.&lt;init&gt;(RemoteWebDriver.java:131)
	at org.openqa.selenium.remote.RemoteWebDriver.&lt;init&gt;(RemoteWebDriver.java:144)
	at org.openqa.selenium.chrome.ChromeDriver.&lt;init&gt;(ChromeDriver.java:170)
	at org.openqa.selenium.chrome.ChromeDriver.&lt;init&gt;(ChromeDriver.java:159)
	at org.openqa.selenium.chrome.ChromeDriver.&lt;init&gt;(ChromeDriver.java:116)
	at com.laus.autotest.CukeSteps.testCuke(CukeSteps.java:14)
	at ✽.Given i test cucumber(cukeTest.feature:4)
</error>
    <system-out>Feature: 
test cucumber complete
</system-out>
    <system-err>[2.512][INFO]: received WebDriver request: GET /status 
[2.544][INFO]: sending WebDriver response: 200 {
   &quot;sessionId&quot;: &quot;&quot;,
   &quot;status&quot;: 0,
   &quot;value&quot;: {
      &quot;build&quot;: {
         &quot;version&quot;: &quot;alpha&quot;
      },
      &quot;os&quot;: {
         &quot;arch&quot;: &quot;x86_64&quot;,
         &quot;name&quot;: &quot;Windows NT&quot;,
         &quot;version&quot;: &quot;6.1 SP1&quot;
      }
   }
}
[5.243][INFO]: received WebDriver request: POST /session {
   &quot;desiredCapabilities&quot;: {
      &quot;browserName&quot;: &quot;chrome&quot;,
      &quot;chromeOptions&quot;: {
         &quot;args&quot;: [  ],
         &quot;extensions&quot;: [  ]
      },
      &quot;platform&quot;: &quot;ANY&quot;,
      &quot;version&quot;: &quot;&quot;
   }
}
[5.743][INFO]: Launching chrome: &quot;C:\Program Files (x86)\Google\Chrome\Application\chrome.exe&quot; --remote-debugging-port=55590 --no-first-run --enable-logging --logging-level=1 --user-data-dir=&quot;C:\Users\jian_j\AppData\Local\Temp\1\scoped_dir9748_8852&quot; --load-extension=&quot;C:\Users\jian_j\AppData\Local\Temp\1\scoped_dir9748_15231\internal&quot; --ignore-certificate-errors data:text/html;charset=utf-8,
[32.856][INFO]: sending WebDriver response: 200 {
   &quot;sessionId&quot;: &quot;&quot;,
   &quot;status&quot;: 100,
   &quot;value&quot;: {
      &quot;message&quot;: &quot;chrome not reachable\n  (Driver info: chromedriver=2.0,platform=Windows NT 6.1 SP1 x86_64)&quot;
   }
}
[33.169][INFO]: received WebDriver request: GET /shutdown 
[33.169][INFO]: sending WebDriver response: 200 {
   &quot;sessionId&quot;: &quot;&quot;,
   &quot;status&quot;: 0,
   &quot;value&quot;: null
}
[33.184][INFO]: received WebDriver request: GET /shutdown 
Started ChromeDriver (v2.0) on port 40171
</system-err>
  </testcase>
  <testcase time="0.015" classname="Scenario: " name="Scenario: ">
    <error message="chrome not reachable
  (Driver info: chromedriver=2.0,platform=Windows NT 6.1 SP1 x86_64) (WARNING: The server did not provide any stacktrace information)
Command duration or timeout: 35.40 seconds
Build info: version: &apos;2.51.0&apos;, revision: &apos;1af067dbcaedd7d2ab9af5151fc471d363d97193&apos;, time: &apos;2016-02-05 11:20:57&apos;
System info: host: &apos;235700LT-DFSMS&apos;, ip: &apos;146.142.180.62&apos;, os.name: &apos;Windows 7&apos;, os.arch: &apos;amd64&apos;, os.version: &apos;6.1&apos;, java.version: &apos;1.7.0_75&apos;
Driver info: org.openqa.selenium.chrome.ChromeDriver" type="org.openqa.selenium.WebDriverException">org.openqa.selenium.WebDriverException: chrome not reachable
  (Driver info: chromedriver=2.0,platform=Windows NT 6.1 SP1 x86_64) (WARNING: The server did not provide any stacktrace information)
Command duration or timeout: 35.40 seconds
Build info: version: &apos;2.51.0&apos;, revision: &apos;1af067dbcaedd7d2ab9af5151fc471d363d97193&apos;, time: &apos;2016-02-05 11:20:57&apos;
System info: host: &apos;235700LT-DFSMS&apos;, ip: &apos;146.142.180.62&apos;, os.name: &apos;Windows 7&apos;, os.arch: &apos;amd64&apos;, os.version: &apos;6.1&apos;, java.version: &apos;1.7.0_75&apos;
Driver info: org.openqa.selenium.chrome.ChromeDriver
	at sun.reflect.NativeConstructorAccessorImpl.newInstance0(Native Method)
	at sun.reflect.NativeConstructorAccessorImpl.newInstance(NativeConstructorAccessorImpl.java:57)
	at sun.reflect.DelegatingConstructorAccessorImpl.newInstance(DelegatingConstructorAccessorImpl.java:45)
	at java.lang.reflect.Constructor.newInstance(Constructor.java:526)
	at org.openqa.selenium.remote.ErrorHandler.createThrowable(ErrorHandler.java:206)
	at org.openqa.selenium.remote.ErrorHandler.throwIfResponseFailed(ErrorHandler.java:158)
	at org.openqa.selenium.remote.RemoteWebDriver.execute(RemoteWebDriver.java:678)
	at org.openqa.selenium.remote.RemoteWebDriver.startSession(RemoteWebDriver.java:249)
	at org.openqa.selenium.remote.RemoteWebDriver.&lt;init&gt;(RemoteWebDriver.java:131)
	at org.openqa.selenium.remote.RemoteWebDriver.&lt;init&gt;(RemoteWebDriver.java:144)
	at org.openqa.selenium.chrome.ChromeDriver.&lt;init&gt;(ChromeDriver.java:170)
	at org.openqa.selenium.chrome.ChromeDriver.&lt;init&gt;(ChromeDriver.java:159)
	at org.openqa.selenium.chrome.ChromeDriver.&lt;init&gt;(ChromeDriver.java:116)
	at com.laus.autotest.CukeSteps.testCuke(CukeSteps.java:14)
	at ✽.Given i test cucumber(cukeTest.feature:4)
</error>
  </testcase>
</testsuite>